Sun Oct 31 16:49:27 GMT 2021 : Apache Derby Network Server - 10.14.2.0 - (1828579) started and ready to accept connections on port 1527
----------------------------------------------------------------
Sun Oct 31 16:49:27 GMT 2021:
Booting Derby version The Apache Software Foundation - Apache Derby - 10.14.2.0 - (1828579): instance a816c00e-017c-d741-81d3-000025ed933a 
on database directory D:\Projects\bug-tracker\BugTracker\DataBase\bugTrackerDB with class loader sun.misc.Launcher$AppClassLoader@1d44bcfa 
Loaded from file:/C:/Users/Devid/GlassFish_Server/javadb/lib/derby.jar
java.vendor=Oracle Corporation
java.runtime.version=1.8.0_301-b09
user.dir=C:\Users\Devid\GlassFish_Server\javadb
os.name=Windows 10
os.arch=amd64
os.version=10.0
derby.system.home=D:\Projects\bug-tracker\BugTracker\DataBase
Database Class Loader started - derby.database.classpath=''
----------------------------------------------------------------
Sun Oct 31 16:49:32 GMT 2021:
Shutting down instance a816c00e-017c-d741-81d3-000025ed933a on database directory D:\Projects\bug-tracker\BugTracker\DataBase\bugTrackerDB with class loader sun.misc.Launcher$AppClassLoader@1d44bcfa 
Sun Oct 31 16:49:32 GMT 2021 Thread[DRDAConnThread_3,5,main] (DATABASE = bugTrackerDB), (DRDAID = {2}), Database 'bugTrackerDB' shutdown.
----------------------------------------------------------------
Sun Oct 31 16:52:08 GMT 2021:
Booting Derby version The Apache Software Foundation - Apache Derby - 10.14.2.0 - (1828579): instance 6ede40af-017c-d741-81d3-000025ed933a 
on database directory D:\Projects\bug-tracker\BugTracker\DataBase\bugTrackerDB with class loader sun.misc.Launcher$AppClassLoader@1d44bcfa 
Loaded from file:/C:/Users/Devid/GlassFish_Server/javadb/lib/derby.jar
java.vendor=Oracle Corporation
java.runtime.version=1.8.0_301-b09
user.dir=C:\Users\Devid\GlassFish_Server\javadb
os.name=Windows 10
os.arch=amd64
os.version=10.0
derby.system.home=D:\Projects\bug-tracker\BugTracker\DataBase
Database Class Loader started - derby.database.classpath=''
